2018-03-12 20:30:15 INFO  ClassPathXmlApplicationContext:583 - Refreshing org.springframework.context.support.ClassPathXmlApplicationContext@504bae78: startup date [Mon Mar 12 20:30:15 CET 2018]; root of context hierarchy
2018-03-12 20:30:16 INFO  XmlBeanDefinitionReader:317 - Loading XML bean definitions from class path resource [spring-config.xml]
2018-03-12 20:30:16 INFO  ClassPathXmlApplicationContext:984 - Closing org.springframework.context.support.ClassPathXmlApplicationContext@504bae78: startup date [Mon Mar 12 20:30:15 CET 2018]; root of context hierarchy
2018-03-12 20:40:55 INFO  ClassPathXmlApplicationContext:583 - Refreshing org.springframework.context.support.ClassPathXmlApplicationContext@504bae78: startup date [Mon Mar 12 20:40:55 CET 2018]; root of context hierarchy
2018-03-12 20:40:55 INFO  XmlBeanDefinitionReader:317 - Loading XML bean definitions from class path resource [spring-config.xml]
2018-03-12 20:40:55 INFO  ClassPathXmlApplicationContext:984 - Closing org.springframework.context.support.ClassPathXmlApplicationContext@504bae78: startup date [Mon Mar 12 20:40:55 CET 2018]; root of context hierarchy
2018-03-12 20:41:20 INFO  ClassPathXmlApplicationContext:583 - Refreshing org.springframework.context.support.ClassPathXmlApplicationContext@504bae78: startup date [Mon Mar 12 20:41:20 CET 2018]; root of context hierarchy
2018-03-12 20:41:21 INFO  XmlBeanDefinitionReader:317 - Loading XML bean definitions from class path resource [spring-config.xml]
2018-03-12 20:41:21 INFO  ClassPathXmlApplicationContext:984 - Closing org.springframework.context.support.ClassPathXmlApplicationContext@504bae78: startup date [Mon Mar 12 20:41:20 CET 2018]; root of context hierarchy
2018-03-14 18:44:27 INFO  ClassPathXmlApplicationContext:583 - Refreshing org.springframework.context.support.ClassPathXmlApplicationContext@759ebb3d: startup date [Wed Mar 14 18:44:27 CET 2018]; root of context hierarchy
2018-03-14 18:44:27 INFO  XmlBeanDefinitionReader:317 - Loading XML bean definitions from class path resource [spring-config.xml]
2018-03-14 18:44:27 INFO  ClassPathXmlApplicationContext:984 - Closing org.springframework.context.support.ClassPathXmlApplicationContext@759ebb3d: startup date [Wed Mar 14 18:44:27 CET 2018]; root of context hierarchy
2018-03-14 20:39:14 INFO  AnnotationConfigApplicationContext:583 - Refreshing org.springframework.context.annotation.AnnotationConfigApplicationContext@3d82c5f3: startup date [Wed Mar 14 20:39:14 CET 2018]; root of context hierarchy
2018-03-14 20:39:14 INFO  AnnotationConfigApplicationContext:984 - Closing org.springframework.context.annotation.AnnotationConfigApplicationContext@3d82c5f3: startup date [Wed Mar 14 20:39:14 CET 2018]; root of context hierarchy
2018-03-15 22:09:20 INFO  DefaultTestContextBootstrapper:248 - Loaded default TestExecutionListener class names from location [META-INF/spring.factories]: [org.springframework.test.context.web.ServletTestExecutionListener, org.springframework.test.context.support.DirtiesContextBeforeModesTestExecutionListener, org.springframework.test.context.support.DependencyInjectionTestExecutionListener, org.springframework.test.context.support.DirtiesContextTestExecutionListener, org.springframework.test.context.transaction.TransactionalTestExecutionListener, org.springframework.test.context.jdbc.SqlScriptsTestExecutionListener]
2018-03-15 22:09:20 INFO  DefaultTestContextBootstrapper:174 - Using TestExecutionListeners: [org.springframework.test.context.support.DirtiesContextBeforeModesTestExecutionListener@337d0578, org.springframework.test.context.support.DependencyInjectionTestExecutionListener@59e84876, org.springframework.test.context.support.DirtiesContextTestExecutionListener@61a485d2]
2018-03-15 22:09:21 INFO  GenericApplicationContext:583 - Refreshing org.springframework.context.support.GenericApplicationContext@61832929: startup date [Thu Mar 15 22:09:21 CET 2018]; root of context hierarchy
2018-03-15 22:09:21 INFO  GenericApplicationContext:984 - Closing org.springframework.context.support.GenericApplicationContext@61832929: startup date [Thu Mar 15 22:09:21 CET 2018]; root of context hierarchy
2018-03-17 19:44:59 INFO  DefaultTestContextBootstrapper:248 - Loaded default TestExecutionListener class names from location [META-INF/spring.factories]: [org.springframework.test.context.web.ServletTestExecutionListener, org.springframework.test.context.support.DirtiesContextBeforeModesTestExecutionListener, org.springframework.test.context.support.DependencyInjectionTestExecutionListener, org.springframework.test.context.support.DirtiesContextTestExecutionListener, org.springframework.test.context.transaction.TransactionalTestExecutionListener, org.springframework.test.context.jdbc.SqlScriptsTestExecutionListener]
2018-03-17 19:44:59 INFO  DefaultTestContextBootstrapper:174 - Using TestExecutionListeners: [org.springframework.test.context.support.DirtiesContextBeforeModesTestExecutionListener@35fc6dc4, org.springframework.test.context.support.DependencyInjectionTestExecutionListener@7fe8ea47, org.springframework.test.context.support.DirtiesContextTestExecutionListener@226a82c4]
2018-03-17 19:45:00 INFO  GenericApplicationContext:583 - Refreshing org.springframework.context.support.GenericApplicationContext@212bf671: startup date [Sat Mar 17 19:45:00 CET 2018]; root of context hierarchy
2018-03-17 19:45:00 INFO  GenericApplicationContext:984 - Closing org.springframework.context.support.GenericApplicationContext@212bf671: startup date [Sat Mar 17 19:45:00 CET 2018]; root of context hierarchy
2018-03-17 19:46:13 INFO  DefaultTestContextBootstrapper:248 - Loaded default TestExecutionListener class names from location [META-INF/spring.factories]: [org.springframework.test.context.web.ServletTestExecutionListener, org.springframework.test.context.support.DirtiesContextBeforeModesTestExecutionListener, org.springframework.test.context.support.DependencyInjectionTestExecutionListener, org.springframework.test.context.support.DirtiesContextTestExecutionListener, org.springframework.test.context.transaction.TransactionalTestExecutionListener, org.springframework.test.context.jdbc.SqlScriptsTestExecutionListener]
2018-03-17 19:46:13 INFO  DefaultTestContextBootstrapper:174 - Using TestExecutionListeners: [org.springframework.test.context.support.DirtiesContextBeforeModesTestExecutionListener@35fc6dc4, org.springframework.test.context.support.DependencyInjectionTestExecutionListener@7fe8ea47, org.springframework.test.context.support.DirtiesContextTestExecutionListener@226a82c4]
2018-03-17 19:46:13 INFO  GenericApplicationContext:583 - Refreshing org.springframework.context.support.GenericApplicationContext@212bf671: startup date [Sat Mar 17 19:46:13 CET 2018]; root of context hierarchy
2018-03-17 19:46:13 INFO  GenericApplicationContext:984 - Closing org.springframework.context.support.GenericApplicationContext@212bf671: startup date [Sat Mar 17 19:46:13 CET 2018]; root of context hierarchy
2018-03-17 19:47:32 INFO  DefaultTestContextBootstrapper:248 - Loaded default TestExecutionListener class names from location [META-INF/spring.factories]: [org.springframework.test.context.web.ServletTestExecutionListener, org.springframework.test.context.support.DirtiesContextBeforeModesTestExecutionListener, org.springframework.test.context.support.DependencyInjectionTestExecutionListener, org.springframework.test.context.support.DirtiesContextTestExecutionListener, org.springframework.test.context.transaction.TransactionalTestExecutionListener, org.springframework.test.context.jdbc.SqlScriptsTestExecutionListener]
2018-03-17 19:47:32 INFO  DefaultTestContextBootstrapper:174 - Using TestExecutionListeners: [org.springframework.test.context.support.DirtiesContextBeforeModesTestExecutionListener@35fc6dc4, org.springframework.test.context.support.DependencyInjectionTestExecutionListener@7fe8ea47, org.springframework.test.context.support.DirtiesContextTestExecutionListener@226a82c4]
2018-03-17 19:47:32 INFO  GenericApplicationContext:583 - Refreshing org.springframework.context.support.GenericApplicationContext@212bf671: startup date [Sat Mar 17 19:47:32 CET 2018]; root of context hierarchy
2018-03-17 19:47:33 INFO  GenericApplicationContext:984 - Closing org.springframework.context.support.GenericApplicationContext@212bf671: startup date [Sat Mar 17 19:47:32 CET 2018]; root of context hierarchy
2018-03-17 20:07:46 INFO  ClassPathXmlApplicationContext:583 - Refreshing org.springframework.context.support.ClassPathXmlApplicationContext@759ebb3d: startup date [Sat Mar 17 20:07:46 CET 2018]; root of context hierarchy
2018-03-17 20:07:46 INFO  XmlBeanDefinitionReader:317 - Loading XML bean definitions from class path resource [spring-config.xml]
2018-03-17 20:07:46 INFO  ClassPathXmlApplicationContext:984 - Closing org.springframework.context.support.ClassPathXmlApplicationContext@759ebb3d: startup date [Sat Mar 17 20:07:46 CET 2018]; root of context hierarchy
2018-03-17 20:12:20 INFO  DefaultTestContextBootstrapper:248 - Loaded default TestExecutionListener class names from location [META-INF/spring.factories]: [org.springframework.test.context.web.ServletTestExecutionListener, org.springframework.test.context.support.DirtiesContextBeforeModesTestExecutionListener, org.springframework.test.context.support.DependencyInjectionTestExecutionListener, org.springframework.test.context.support.DirtiesContextTestExecutionListener, org.springframework.test.context.transaction.TransactionalTestExecutionListener, org.springframework.test.context.jdbc.SqlScriptsTestExecutionListener]
2018-03-17 20:12:20 INFO  DefaultTestContextBootstrapper:174 - Using TestExecutionListeners: [org.springframework.test.context.support.DirtiesContextBeforeModesTestExecutionListener@35fc6dc4, org.springframework.test.context.support.DependencyInjectionTestExecutionListener@7fe8ea47, org.springframework.test.context.support.DirtiesContextTestExecutionListener@226a82c4]
2018-03-17 20:12:20 INFO  GenericApplicationContext:583 - Refreshing org.springframework.context.support.GenericApplicationContext@212bf671: startup date [Sat Mar 17 20:12:20 CET 2018]; root of context hierarchy
2018-03-17 20:12:21 INFO  GenericApplicationContext:984 - Closing org.springframework.context.support.GenericApplicationContext@212bf671: startup date [Sat Mar 17 20:12:20 CET 2018]; root of context hierarchy
2018-03-17 20:37:35 INFO  DefaultTestContextBootstrapper:248 - Loaded default TestExecutionListener class names from location [META-INF/spring.factories]: [org.springframework.test.context.web.ServletTestExecutionListener, org.springframework.test.context.support.DirtiesContextBeforeModesTestExecutionListener, org.springframework.test.context.support.DependencyInjectionTestExecutionListener, org.springframework.test.context.support.DirtiesContextTestExecutionListener, org.springframework.test.context.transaction.TransactionalTestExecutionListener, org.springframework.test.context.jdbc.SqlScriptsTestExecutionListener]
2018-03-17 20:37:35 INFO  DefaultTestContextBootstrapper:174 - Using TestExecutionListeners: [org.springframework.test.context.support.DirtiesContextBeforeModesTestExecutionListener@35fc6dc4, org.springframework.test.context.support.DependencyInjectionTestExecutionListener@7fe8ea47, org.springframework.test.context.support.DirtiesContextTestExecutionListener@226a82c4]
2018-03-17 20:37:35 INFO  GenericApplicationContext:583 - Refreshing org.springframework.context.support.GenericApplicationContext@212bf671: startup date [Sat Mar 17 20:37:35 CET 2018]; root of context hierarchy
2018-03-17 20:37:35 INFO  GenericApplicationContext:984 - Closing org.springframework.context.support.GenericApplicationContext@212bf671: startup date [Sat Mar 17 20:37:35 CET 2018]; root of context hierarchy
2018-03-19 19:25:51 INFO  DefaultTestContextBootstrapper:248 - Loaded default TestExecutionListener class names from location [META-INF/spring.factories]: [org.springframework.test.context.web.ServletTestExecutionListener, org.springframework.test.context.support.DirtiesContextBeforeModesTestExecutionListener, org.springframework.test.context.support.DependencyInjectionTestExecutionListener, org.springframework.test.context.support.DirtiesContextTestExecutionListener, org.springframework.test.context.transaction.TransactionalTestExecutionListener, org.springframework.test.context.jdbc.SqlScriptsTestExecutionListener]
2018-03-19 19:25:51 INFO  DefaultTestContextBootstrapper:174 - Using TestExecutionListeners: [org.springframework.test.context.support.DirtiesContextBeforeModesTestExecutionListener@35fc6dc4, org.springframework.test.context.support.DependencyInjectionTestExecutionListener@7fe8ea47, org.springframework.test.context.support.DirtiesContextTestExecutionListener@226a82c4]
2018-03-19 19:25:51 INFO  GenericApplicationContext:583 - Refreshing org.springframework.context.support.GenericApplicationContext@212bf671: startup date [Mon Mar 19 19:25:51 CET 2018]; root of context hierarchy
2018-03-19 19:25:51 INFO  GenericApplicationContext:984 - Closing org.springframework.context.support.GenericApplicationContext@212bf671: startup date [Mon Mar 19 19:25:51 CET 2018]; root of context hierarchy
2018-03-19 20:17:10 INFO  AnnotationConfigApplicationContext:583 - Refreshing org.springframework.context.annotation.AnnotationConfigApplicationContext@3d82c5f3: startup date [Mon Mar 19 20:17:10 CET 2018]; root of context hierarchy
2018-03-19 20:17:31 INFO  AnnotationConfigApplicationContext:583 - Refreshing org.springframework.context.annotation.AnnotationConfigApplicationContext@3d82c5f3: startup date [Mon Mar 19 20:17:31 CET 2018]; root of context hierarchy
2018-03-19 20:18:34 INFO  AnnotationConfigApplicationContext:583 - Refreshing org.springframework.context.annotation.AnnotationConfigApplicationContext@3d82c5f3: startup date [Mon Mar 19 20:18:34 CET 2018]; root of context hierarchy
2018-03-19 20:21:00 INFO  AnnotationConfigApplicationContext:583 - Refreshing org.springframework.context.annotation.AnnotationConfigApplicationContext@3d82c5f3: startup date [Mon Mar 19 20:21:00 CET 2018]; root of context hierarchy
2018-03-19 20:21:01 INFO  AnnotationConfigApplicationContext:984 - Closing org.springframework.context.annotation.AnnotationConfigApplicationContext@3d82c5f3: startup date [Mon Mar 19 20:21:00 CET 2018]; root of context hierarchy
2018-03-19 21:01:31 INFO  ClassPathXmlApplicationContext:583 - Refreshing org.springframework.context.support.ClassPathXmlApplicationContext@759ebb3d: startup date [Mon Mar 19 21:01:31 CET 2018]; root of context hierarchy
2018-03-19 21:01:31 INFO  XmlBeanDefinitionReader:317 - Loading XML bean definitions from class path resource [spring-config.xml]
2018-03-19 21:01:31 WARN  ClassPathXmlApplicationContext:551 - Exception encountered during context initialization - cancelling refresh attempt: org.springframework.beans.factory.BeanCreationException: Error creating bean with name 'student' defined in class path resource [spring-config.xml]: Instantiation of bean failed; nested exception is org.springframework.beans.BeanInstantiationException: Failed to instantiate [com.privalia.entity.Student]: No default constructor found; nested exception is java.lang.NoSuchMethodException: com.privalia.entity.Student.<init>()
2018-03-19 21:02:31 INFO  ClassPathXmlApplicationContext:583 - Refreshing org.springframework.context.support.ClassPathXmlApplicationContext@759ebb3d: startup date [Mon Mar 19 21:02:31 CET 2018]; root of context hierarchy
2018-03-19 21:02:31 INFO  XmlBeanDefinitionReader:317 - Loading XML bean definitions from class path resource [spring-config.xml]
2018-03-19 21:02:32 WARN  ClassPathXmlApplicationContext:551 - Exception encountered during context initialization - cancelling refresh attempt: org.springframework.beans.factory.BeanCreationException: Error creating bean with name 'student' defined in class path resource [spring-config.xml]: Error setting property values; nested exception is org.springframework.beans.NotWritablePropertyException: Invalid property 'idStudent' of bean class [com.privalia.entity.Student]: Bean property 'idStudent' is not writable or has an invalid setter method. Did you mean 'idstudent'?
2018-03-20 19:45:52 INFO  AnnotationConfigApplicationContext:583 - Refreshing org.springframework.context.annotation.AnnotationConfigApplicationContext@3d82c5f3: startup date [Tue Mar 20 19:45:52 CET 2018]; root of context hierarchy
2018-03-20 19:45:52 INFO  AnnotationConfigApplicationContext:984 - Closing org.springframework.context.annotation.AnnotationConfigApplicationContext@3d82c5f3: startup date [Tue Mar 20 19:45:52 CET 2018]; root of context hierarchy
2018-03-20 19:47:38 INFO  ClassPathXmlApplicationContext:583 - Refreshing org.springframework.context.support.ClassPathXmlApplicationContext@759ebb3d: startup date [Tue Mar 20 19:47:38 CET 2018]; root of context hierarchy
2018-03-20 19:47:38 INFO  XmlBeanDefinitionReader:317 - Loading XML bean definitions from class path resource [spring-config.xml]
2018-03-20 19:47:39 WARN  ClassPathXmlApplicationContext:551 - Exception encountered during context initialization - cancelling refresh attempt: org.springframework.beans.factory.BeanCreationException: Error creating bean with name 'student' defined in class path resource [spring-config.xml]: Error setting property values; nested exception is org.springframework.beans.NotWritablePropertyException: Invalid property 'idStudent' of bean class [com.privalia.entity.Student]: Bean property 'idStudent' is not writable or has an invalid setter method. Did you mean 'idstudent'?
2018-03-20 19:49:16 INFO  ClassPathXmlApplicationContext:583 - Refreshing org.springframework.context.support.ClassPathXmlApplicationContext@759ebb3d: startup date [Tue Mar 20 19:49:16 CET 2018]; root of context hierarchy
2018-03-20 19:49:16 INFO  XmlBeanDefinitionReader:317 - Loading XML bean definitions from class path resource [spring-config.xml]
2018-03-20 19:49:16 INFO  ClassPathXmlApplicationContext:984 - Closing org.springframework.context.support.ClassPathXmlApplicationContext@759ebb3d: startup date [Tue Mar 20 19:49:16 CET 2018]; root of context hierarchy
2018-03-20 19:50:34 INFO  ClassPathXmlApplicationContext:583 - Refreshing org.springframework.context.support.ClassPathXmlApplicationContext@759ebb3d: startup date [Tue Mar 20 19:50:34 CET 2018]; root of context hierarchy
2018-03-20 19:50:34 INFO  XmlBeanDefinitionReader:317 - Loading XML bean definitions from class path resource [spring-config.xml]
2018-03-20 19:50:34 INFO  ClassPathXmlApplicationContext:984 - Closing org.springframework.context.support.ClassPathXmlApplicationContext@759ebb3d: startup date [Tue Mar 20 19:50:34 CET 2018]; root of context hierarchy
2018-03-20 19:52:26 INFO  ClassPathXmlApplicationContext:583 - Refreshing org.springframework.context.support.ClassPathXmlApplicationContext@759ebb3d: startup date [Tue Mar 20 19:52:26 CET 2018]; root of context hierarchy
2018-03-20 19:52:26 INFO  XmlBeanDefinitionReader:317 - Loading XML bean definitions from class path resource [spring-config.xml]
2018-03-20 19:52:27 INFO  ClassPathXmlApplicationContext:984 - Closing org.springframework.context.support.ClassPathXmlApplicationContext@759ebb3d: startup date [Tue Mar 20 19:52:26 CET 2018]; root of context hierarchy
2018-03-21 19:31:36 INFO  AnnotationConfigApplicationContext:583 - Refreshing org.springframework.context.annotation.AnnotationConfigApplicationContext@3d82c5f3: startup date [Wed Mar 21 19:31:36 CET 2018]; root of context hierarchy
2018-03-21 19:31:36 WARN  AnnotationConfigApplicationContext:551 - Exception encountered during context initialization - cancelling refresh attempt: org.springframework.beans.factory.UnsatisfiedDependencyException: Error creating bean with name 'address' defined in file [C:\Users\becerra.spr&ang\Desktop\Software para Spring&Angular\CursoSpringNew\CursoSpring\target\classes\com\privalia\entity\annotations\Address.class]: Unsatisfied dependency expressed through constructor parameter 0; nested exception is org.springframework.beans.factory.NoSuchBeanDefinitionException: No qualifying bean of type 'int' available: expected at least 1 bean which qualifies as autowire candidate. Dependency annotations: {}
2018-03-21 19:41:55 INFO  AnnotationConfigApplicationContext:583 - Refreshing org.springframework.context.annotation.AnnotationConfigApplicationContext@3d82c5f3: startup date [Wed Mar 21 19:41:55 CET 2018]; root of context hierarchy
2018-03-21 19:41:55 WARN  AnnotationConfigApplicationContext:551 - Exception encountered during context initialization - cancelling refresh attempt: org.springframework.beans.factory.UnsatisfiedDependencyException: Error creating bean with name 'address' defined in file [C:\Users\becerra.spr&ang\Desktop\Software para Spring&Angular\CursoSpringNew\CursoSpring\target\classes\com\privalia\entity\annotations\Address.class]: Unsatisfied dependency expressed through constructor parameter 0; nested exception is org.springframework.beans.factory.NoSuchBeanDefinitionException: No qualifying bean of type 'int' available: expected at least 1 bean which qualifies as autowire candidate. Dependency annotations: {}
2018-03-21 19:43:17 INFO  AnnotationConfigApplicationContext:583 - Refreshing org.springframework.context.annotation.AnnotationConfigApplicationContext@3d82c5f3: startup date [Wed Mar 21 19:43:17 CET 2018]; root of context hierarchy
2018-03-21 19:43:17 INFO  AnnotationConfigApplicationContext:984 - Closing org.springframework.context.annotation.AnnotationConfigApplicationContext@3d82c5f3: startup date [Wed Mar 21 19:43:17 CET 2018]; root of context hierarchy
2018-03-21 20:25:05 INFO  ClassPathXmlApplicationContext:583 - Refreshing org.springframework.context.support.ClassPathXmlApplicationContext@759ebb3d: startup date [Wed Mar 21 20:25:05 CET 2018]; root of context hierarchy
2018-03-21 20:25:05 INFO  XmlBeanDefinitionReader:317 - Loading XML bean definitions from class path resource [spring-config.xml]
2018-03-21 20:25:05 WARN  ClassPathXmlApplicationContext:551 - Exception encountered during context initialization - cancelling refresh attempt: org.springframework.beans.factory.CannotLoadBeanClassException: Cannot find class [com.privalia.entity.listas] for bean with name 'david3Student' defined in class path resource [spring-config.xml]; nested exception is java.lang.ClassNotFoundException: com.privalia.entity.listas
2018-03-21 20:26:08 INFO  ClassPathXmlApplicationContext:583 - Refreshing org.springframework.context.support.ClassPathXmlApplicationContext@759ebb3d: startup date [Wed Mar 21 20:26:08 CET 2018]; root of context hierarchy
2018-03-21 20:26:08 INFO  XmlBeanDefinitionReader:317 - Loading XML bean definitions from class path resource [spring-config.xml]
2018-03-21 20:26:09 WARN  ClassPathXmlApplicationContext:551 - Exception encountered during context initialization - cancelling refresh attempt: org.springframework.beans.factory.BeanCreationException: Error creating bean with name 'david3Student' defined in class path resource [spring-config.xml]: Error setting property values; nested exception is org.springframework.beans.NotWritablePropertyException: Invalid property 'teacher' of bean class [com.privalia.entity.listas.Student]: Bean property 'teacher' is not writable or has an invalid setter method. Does the parameter type of the setter match the return type of the getter?
2018-03-21 20:29:11 INFO  ClassPathXmlApplicationContext:583 - Refreshing org.springframework.context.support.ClassPathXmlApplicationContext@759ebb3d: startup date [Wed Mar 21 20:29:11 CET 2018]; root of context hierarchy
2018-03-21 20:29:11 INFO  XmlBeanDefinitionReader:317 - Loading XML bean definitions from class path resource [spring-config.xml]
2018-03-21 20:29:11 WARN  ClassPathXmlApplicationContext:551 - Exception encountered during context initialization - cancelling refresh attempt: org.springframework.beans.factory.BeanCreationException: Error creating bean with name 'david3Student' defined in class path resource [spring-config.xml]: Error setting property values; nested exception is org.springframework.beans.NotWritablePropertyException: Invalid property 'teacher' of bean class [com.privalia.entity.listas.Student]: Bean property 'teacher' is not writable or has an invalid setter method. Does the parameter type of the setter match the return type of the getter?
2018-03-21 20:30:55 INFO  ClassPathXmlApplicationContext:583 - Refreshing org.springframework.context.support.ClassPathXmlApplicationContext@759ebb3d: startup date [Wed Mar 21 20:30:55 CET 2018]; root of context hierarchy
2018-03-21 20:30:55 INFO  XmlBeanDefinitionReader:317 - Loading XML bean definitions from class path resource [spring-config.xml]
2018-03-21 20:30:56 WARN  ClassPathXmlApplicationContext:551 - Exception encountered during context initialization - cancelling refresh attempt: org.springframework.beans.factory.BeanCreationException: Error creating bean with name 'david3Student' defined in class path resource [spring-config.xml]: Cannot resolve reference to bean 'teacher' while setting bean property 'teacher'; nested exception is org.springframework.beans.factory.BeanCreationException: Error creating bean with name 'teacher': Invocation of init method failed; nested exception is org.springframework.beans.BeanInstantiationException: Failed to instantiate [java.util.List]: Specified class is an interface
2018-03-21 20:32:19 INFO  ClassPathXmlApplicationContext:583 - Refreshing org.springframework.context.support.ClassPathXmlApplicationContext@759ebb3d: startup date [Wed Mar 21 20:32:19 CET 2018]; root of context hierarchy
2018-03-21 20:32:19 INFO  XmlBeanDefinitionReader:317 - Loading XML bean definitions from class path resource [spring-config.xml]
2018-03-21 20:32:20 WARN  ClassPathXmlApplicationContext:551 - Exception encountered during context initialization - cancelling refresh attempt: org.springframework.beans.factory.BeanCreationException: Error creating bean with name 'david3Student' defined in class path resource [spring-config.xml]: Error setting property values; nested exception is org.springframework.beans.NotWritablePropertyException: Invalid property 'teacher' of bean class [com.privalia.entity.listas.Student]: Bean property 'teacher' is not writable or has an invalid setter method. Does the parameter type of the setter match the return type of the getter?
2018-03-21 20:36:44 INFO  ClassPathXmlApplicationContext:583 - Refreshing org.springframework.context.support.ClassPathXmlApplicationContext@759ebb3d: startup date [Wed Mar 21 20:36:44 CET 2018]; root of context hierarchy
2018-03-21 20:36:44 INFO  XmlBeanDefinitionReader:317 - Loading XML bean definitions from class path resource [spring-config.xml]
2018-03-21 20:36:44 INFO  ClassPathXmlApplicationContext:984 - Closing org.springframework.context.support.ClassPathXmlApplicationContext@759ebb3d: startup date [Wed Mar 21 20:36:44 CET 2018]; root of context hierarchy
2018-03-21 20:38:49 INFO  ClassPathXmlApplicationContext:583 - Refreshing org.springframework.context.support.ClassPathXmlApplicationContext@759ebb3d: startup date [Wed Mar 21 20:38:49 CET 2018]; root of context hierarchy
2018-03-21 20:38:49 INFO  XmlBeanDefinitionReader:317 - Loading XML bean definitions from class path resource [spring-config.xml]
2018-03-21 20:38:49 INFO  ClassPathXmlApplicationContext:984 - Closing org.springframework.context.support.ClassPathXmlApplicationContext@759ebb3d: startup date [Wed Mar 21 20:38:49 CET 2018]; root of context hierarchy
2018-03-21 21:01:22 INFO  AnnotationConfigApplicationContext:583 - Refreshing org.springframework.context.annotation.AnnotationConfigApplicationContext@3d82c5f3: startup date [Wed Mar 21 21:01:22 CET 2018]; root of context hierarchy
2018-03-21 21:01:53 INFO  AnnotationConfigApplicationContext:583 - Refreshing org.springframework.context.annotation.AnnotationConfigApplicationContext@3d82c5f3: startup date [Wed Mar 21 21:01:53 CET 2018]; root of context hierarchy
2018-03-21 21:07:12 INFO  AnnotationConfigApplicationContext:583 - Refreshing org.springframework.context.annotation.AnnotationConfigApplicationContext@3d82c5f3: startup date [Wed Mar 21 21:07:12 CET 2018]; root of context hierarchy
2018-03-24 16:59:32 INFO  AnnotationConfigApplicationContext:583 - Refreshing org.springframework.context.annotation.AnnotationConfigApplicationContext@3d82c5f3: startup date [Sat Mar 24 16:59:32 CET 2018]; root of context hierarchy
2018-03-24 16:59:33 INFO  AnnotationConfigApplicationContext:984 - Closing org.springframework.context.annotation.AnnotationConfigApplicationContext@3d82c5f3: startup date [Sat Mar 24 16:59:32 CET 2018]; root of context hierarchy
2018-03-24 17:00:21 INFO  AnnotationConfigApplicationContext:583 - Refreshing org.springframework.context.annotation.AnnotationConfigApplicationContext@3d82c5f3: startup date [Sat Mar 24 17:00:21 CET 2018]; root of context hierarchy
2018-03-24 17:00:22 INFO  AnnotationConfigApplicationContext:984 - Closing org.springframework.context.annotation.AnnotationConfigApplicationContext@3d82c5f3: startup date [Sat Mar 24 17:00:21 CET 2018]; root of context hierarchy
2018-03-24 17:26:50 INFO  DefaultTestContextBootstrapper:248 - Loaded default TestExecutionListener class names from location [META-INF/spring.factories]: [org.springframework.test.context.web.ServletTestExecutionListener, org.springframework.test.context.support.DirtiesContextBeforeModesTestExecutionListener, org.springframework.test.context.support.DependencyInjectionTestExecutionListener, org.springframework.test.context.support.DirtiesContextTestExecutionListener, org.springframework.test.context.transaction.TransactionalTestExecutionListener, org.springframework.test.context.jdbc.SqlScriptsTestExecutionListener]
2018-03-24 17:26:50 INFO  DefaultTestContextBootstrapper:174 - Using TestExecutionListeners: [org.springframework.test.context.support.DirtiesContextBeforeModesTestExecutionListener@35fc6dc4, org.springframework.test.context.support.DependencyInjectionTestExecutionListener@7fe8ea47, org.springframework.test.context.support.DirtiesContextTestExecutionListener@226a82c4]
2018-03-24 17:26:50 INFO  GenericApplicationContext:583 - Refreshing org.springframework.context.support.GenericApplicationContext@212bf671: startup date [Sat Mar 24 17:26:50 CET 2018]; root of context hierarchy
2018-03-24 17:26:51 INFO  GenericApplicationContext:984 - Closing org.springframework.context.support.GenericApplicationContext@212bf671: startup date [Sat Mar 24 17:26:50 CET 2018]; root of context hierarchy
2018-03-24 18:59:48 INFO  DefaultTestContextBootstrapper:248 - Loaded default TestExecutionListener class names from location [META-INF/spring.factories]: [org.springframework.test.context.web.ServletTestExecutionListener, org.springframework.test.context.support.DirtiesContextBeforeModesTestExecutionListener, org.springframework.test.context.support.DependencyInjectionTestExecutionListener, org.springframework.test.context.support.DirtiesContextTestExecutionListener, org.springframework.test.context.transaction.TransactionalTestExecutionListener, org.springframework.test.context.jdbc.SqlScriptsTestExecutionListener]
2018-03-24 18:59:48 INFO  DefaultTestContextBootstrapper:174 - Using TestExecutionListeners: [org.springframework.test.context.support.DirtiesContextBeforeModesTestExecutionListener@35fc6dc4, org.springframework.test.context.support.DependencyInjectionTestExecutionListener@7fe8ea47, org.springframework.test.context.support.DirtiesContextTestExecutionListener@226a82c4]
2018-03-24 18:59:48 INFO  GenericApplicationContext:583 - Refreshing org.springframework.context.support.GenericApplicationContext@212bf671: startup date [Sat Mar 24 18:59:48 CET 2018]; root of context hierarchy
2018-03-24 18:59:48 INFO  GenericApplicationContext:984 - Closing org.springframework.context.support.GenericApplicationContext@212bf671: startup date [Sat Mar 24 18:59:48 CET 2018]; root of context hierarchy
2018-03-26 19:29:30 INFO  ClassPathXmlApplicationContext:583 - Refreshing org.springframework.context.support.ClassPathXmlApplicationContext@759ebb3d: startup date [Mon Mar 26 19:29:30 CEST 2018]; root of context hierarchy
2018-03-26 19:29:30 INFO  XmlBeanDefinitionReader:317 - Loading XML bean definitions from class path resource [spring-config.xml]
2018-03-26 19:29:31 INFO  ClassPathXmlApplicationContext:984 - Closing org.springframework.context.support.ClassPathXmlApplicationContext@759ebb3d: startup date [Mon Mar 26 19:29:30 CEST 2018]; root of context hierarchy
2018-03-26 19:31:57 INFO  ClassPathXmlApplicationContext:583 - Refreshing org.springframework.context.support.ClassPathXmlApplicationContext@759ebb3d: startup date [Mon Mar 26 19:31:57 CEST 2018]; root of context hierarchy
2018-03-26 19:31:57 INFO  XmlBeanDefinitionReader:317 - Loading XML bean definitions from class path resource [spring-config.xml]
2018-03-26 19:31:57 INFO  ClassPathXmlApplicationContext:984 - Closing org.springframework.context.support.ClassPathXmlApplicationContext@759ebb3d: startup date [Mon Mar 26 19:31:57 CEST 2018]; root of context hierarchy
2018-03-26 20:34:35 INFO  ClassPathXmlApplicationContext:583 - Refreshing org.springframework.context.support.ClassPathXmlApplicationContext@759ebb3d: startup date [Mon Mar 26 20:34:35 CEST 2018]; root of context hierarchy
2018-03-26 20:34:35 INFO  XmlBeanDefinitionReader:317 - Loading XML bean definitions from class path resource [spring-config.xml]
2018-03-26 20:34:35 WARN  ClassPathXmlApplicationContext:551 - Exception encountered during context initialization - cancelling refresh attempt: org.springframework.beans.factory.BeanCreationException: Error creating bean with name 'helloWorld' defined in class path resource [spring-config.xml]: BeanPostProcessor before instantiation of bean failed; nested exception is org.springframework.beans.factory.BeanCreationException: Error creating bean with name 'org.springframework.aop.aspectj.AspectJPointcutAdvisor#0': Cannot create inner bean '(inner bean)#6b57696f' of type [org.springframework.aop.aspectj.AspectJMethodBeforeAdvice] while setting constructor argument; nested exception is org.springframework.beans.factory.BeanCreationException: Error creating bean with name '(inner bean)#6b57696f': Cannot resolve reference to bean 'compraPoinCut' while setting constructor argument; nested exception is org.springframework.beans.factory.NoSuchBeanDefinitionException: No bean named 'compraPoinCut' available
2018-03-26 20:35:01 INFO  ClassPathXmlApplicationContext:583 - Refreshing org.springframework.context.support.ClassPathXmlApplicationContext@759ebb3d: startup date [Mon Mar 26 20:35:01 CEST 2018]; root of context hierarchy
2018-03-26 20:35:01 INFO  XmlBeanDefinitionReader:317 - Loading XML bean definitions from class path resource [spring-config.xml]
2018-03-26 20:35:01 WARN  ClassPathXmlApplicationContext:551 - Exception encountered during context initialization - cancelling refresh attempt: org.springframework.beans.factory.BeanCreationException: Error creating bean with name 'helloWorld' defined in class path resource [spring-config.xml]: BeanPostProcessor before instantiation of bean failed; nested exception is org.springframework.beans.factory.BeanCreationException: Error creating bean with name 'org.springframework.aop.aspectj.AspectJPointcutAdvisor#0': Cannot create inner bean '(inner bean)#6b57696f' of type [org.springframework.aop.aspectj.AspectJMethodBeforeAdvice] while setting constructor argument; nested exception is org.springframework.beans.factory.BeanCreationException: Error creating bean with name '(inner bean)#6b57696f': Cannot resolve reference to bean 'compraPoinCut' while setting constructor argument; nested exception is org.springframework.beans.factory.NoSuchBeanDefinitionException: No bean named 'compraPoinCut' available
2018-03-26 20:37:17 INFO  ClassPathXmlApplicationContext:583 - Refreshing org.springframework.context.support.ClassPathXmlApplicationContext@759ebb3d: startup date [Mon Mar 26 20:37:17 CEST 2018]; root of context hierarchy
2018-03-26 20:37:17 INFO  XmlBeanDefinitionReader:317 - Loading XML bean definitions from class path resource [spring-config.xml]
2018-03-26 20:37:18 INFO  ClassPathXmlApplicationContext:984 - Closing org.springframework.context.support.ClassPathXmlApplicationContext@759ebb3d: startup date [Mon Mar 26 20:37:17 CEST 2018]; root of context hierarchy
2018-03-26 20:38:05 INFO  ClassPathXmlApplicationContext:583 - Refreshing org.springframework.context.support.ClassPathXmlApplicationContext@759ebb3d: startup date [Mon Mar 26 20:38:05 CEST 2018]; root of context hierarchy
2018-03-26 20:38:05 INFO  XmlBeanDefinitionReader:317 - Loading XML bean definitions from class path resource [spring-config.xml]
2018-03-26 20:38:06 INFO  ClassPathXmlApplicationContext:984 - Closing org.springframework.context.support.ClassPathXmlApplicationContext@759ebb3d: startup date [Mon Mar 26 20:38:05 CEST 2018]; root of context hierarchy
2018-03-26 20:38:42 INFO  ClassPathXmlApplicationContext:583 - Refreshing org.springframework.context.support.ClassPathXmlApplicationContext@759ebb3d: startup date [Mon Mar 26 20:38:42 CEST 2018]; root of context hierarchy
2018-03-26 20:38:42 INFO  XmlBeanDefinitionReader:317 - Loading XML bean definitions from class path resource [spring-config.xml]
2018-03-26 20:38:42 INFO  ClassPathXmlApplicationContext:984 - Closing org.springframework.context.support.ClassPathXmlApplicationContext@759ebb3d: startup date [Mon Mar 26 20:38:42 CEST 2018]; root of context hierarchy
2018-03-26 20:39:00 INFO  ClassPathXmlApplicationContext:583 - Refreshing org.springframework.context.support.ClassPathXmlApplicationContext@759ebb3d: startup date [Mon Mar 26 20:39:00 CEST 2018]; root of context hierarchy
2018-03-26 20:39:01 INFO  XmlBeanDefinitionReader:317 - Loading XML bean definitions from class path resource [spring-config.xml]
2018-03-26 20:39:01 INFO  ClassPathXmlApplicationContext:984 - Closing org.springframework.context.support.ClassPathXmlApplicationContext@759ebb3d: startup date [Mon Mar 26 20:39:00 CEST 2018]; root of context hierarchy
2018-03-31 13:04:53 INFO  AnnotationConfigApplicationContext:583 - Refreshing org.springframework.context.annotation.AnnotationConfigApplicationContext@3d82c5f3: startup date [Sat Mar 31 13:04:53 CEST 2018]; root of context hierarchy
2018-03-31 13:04:53 INFO  AnnotationConfigApplicationContext:984 - Closing org.springframework.context.annotation.AnnotationConfigApplicationContext@3d82c5f3: startup date [Sat Mar 31 13:04:53 CEST 2018]; root of context hierarchy
2018-03-31 13:06:47 INFO  AnnotationConfigApplicationContext:583 - Refreshing org.springframework.context.annotation.AnnotationConfigApplicationContext@3d82c5f3: startup date [Sat Mar 31 13:06:47 CEST 2018]; root of context hierarchy
2018-03-31 13:06:47 INFO  AnnotationConfigApplicationContext:984 - Closing org.springframework.context.annotation.AnnotationConfigApplicationContext@3d82c5f3: startup date [Sat Mar 31 13:06:47 CEST 2018]; root of context hierarchy
2018-03-31 13:07:13 INFO  ClassPathXmlApplicationContext:583 - Refreshing org.springframework.context.support.ClassPathXmlApplicationContext@759ebb3d: startup date [Sat Mar 31 13:07:13 CEST 2018]; root of context hierarchy
2018-03-31 13:07:14 INFO  XmlBeanDefinitionReader:317 - Loading XML bean definitions from class path resource [spring-config.xml]
2018-03-31 13:07:14 INFO  ClassPathXmlApplicationContext:984 - Closing org.springframework.context.support.ClassPathXmlApplicationContext@759ebb3d: startup date [Sat Mar 31 13:07:13 CEST 2018]; root of context hierarchy
2018-03-31 13:07:28 INFO  AnnotationConfigApplicationContext:583 - Refreshing org.springframework.context.annotation.AnnotationConfigApplicationContext@3d82c5f3: startup date [Sat Mar 31 13:07:28 CEST 2018]; root of context hierarchy
2018-03-31 13:07:28 INFO  AnnotationConfigApplicationContext:984 - Closing org.springframework.context.annotation.AnnotationConfigApplicationContext@3d82c5f3: startup date [Sat Mar 31 13:07:28 CEST 2018]; root of context hierarchy
2018-03-31 13:08:58 INFO  AnnotationConfigApplicationContext:583 - Refreshing org.springframework.context.annotation.AnnotationConfigApplicationContext@3d82c5f3: startup date [Sat Mar 31 13:08:58 CEST 2018]; root of context hierarchy
2018-03-31 13:08:58 INFO  AnnotationConfigApplicationContext:984 - Closing org.springframework.context.annotation.AnnotationConfigApplicationContext@3d82c5f3: startup date [Sat Mar 31 13:08:58 CEST 2018]; root of context hierarchy
2018-03-31 13:09:48 INFO  AnnotationConfigApplicationContext:583 - Refreshing org.springframework.context.annotation.AnnotationConfigApplicationContext@3d82c5f3: startup date [Sat Mar 31 13:09:48 CEST 2018]; root of context hierarchy
2018-03-31 13:13:26 INFO  AnnotationConfigApplicationContext:583 - Refreshing org.springframework.context.annotation.AnnotationConfigApplicationContext@3d82c5f3: startup date [Sat Mar 31 13:13:26 CEST 2018]; root of context hierarchy
2018-03-31 13:14:51 INFO  AnnotationConfigApplicationContext:583 - Refreshing org.springframework.context.annotation.AnnotationConfigApplicationContext@3d82c5f3: startup date [Sat Mar 31 13:14:51 CEST 2018]; root of context hierarchy
2018-03-31 13:15:12 INFO  AnnotationConfigApplicationContext:583 - Refreshing org.springframework.context.annotation.AnnotationConfigApplicationContext@3d82c5f3: startup date [Sat Mar 31 13:15:12 CEST 2018]; root of context hierarchy
2018-03-31 13:16:12 INFO  AnnotationConfigApplicationContext:583 - Refreshing org.springframework.context.annotation.AnnotationConfigApplicationContext@3d82c5f3: startup date [Sat Mar 31 13:16:12 CEST 2018]; root of context hierarchy
2018-03-31 13:16:13 INFO  AnnotationConfigApplicationContext:984 - Closing org.springframework.context.annotation.AnnotationConfigApplicationContext@3d82c5f3: startup date [Sat Mar 31 13:16:12 CEST 2018]; root of context hierarchy
2018-03-31 13:16:47 INFO  AnnotationConfigApplicationContext:583 - Refreshing org.springframework.context.annotation.AnnotationConfigApplicationContext@3d82c5f3: startup date [Sat Mar 31 13:16:47 CEST 2018]; root of context hierarchy
2018-03-31 13:17:07 INFO  AnnotationConfigApplicationContext:583 - Refreshing org.springframework.context.annotation.AnnotationConfigApplicationContext@3d82c5f3: startup date [Sat Mar 31 13:17:07 CEST 2018]; root of context hierarchy
2018-03-31 13:17:08 INFO  AnnotationConfigApplicationContext:984 - Closing org.springframework.context.annotation.AnnotationConfigApplicationContext@3d82c5f3: startup date [Sat Mar 31 13:17:07 CEST 2018]; root of context hierarchy
2018-03-31 13:17:30 INFO  ClassPathXmlApplicationContext:583 - Refreshing org.springframework.context.support.ClassPathXmlApplicationContext@759ebb3d: startup date [Sat Mar 31 13:17:30 CEST 2018]; root of context hierarchy
2018-03-31 13:17:30 INFO  XmlBeanDefinitionReader:317 - Loading XML bean definitions from class path resource [spring-config.xml]
2018-03-31 13:17:31 INFO  ClassPathXmlApplicationContext:984 - Closing org.springframework.context.support.ClassPathXmlApplicationContext@759ebb3d: startup date [Sat Mar 31 13:17:30 CEST 2018]; root of context hierarchy
2018-03-31 13:17:56 INFO  AnnotationConfigApplicationContext:583 - Refreshing org.springframework.context.annotation.AnnotationConfigApplicationContext@3d82c5f3: startup date [Sat Mar 31 13:17:56 CEST 2018]; root of context hierarchy
2018-03-31 13:17:56 INFO  AnnotationConfigApplicationContext:984 - Closing org.springframework.context.annotation.AnnotationConfigApplicationContext@3d82c5f3: startup date [Sat Mar 31 13:17:56 CEST 2018]; root of context hierarchy
2018-03-31 13:19:06 INFO  ClassPathXmlApplicationContext:583 - Refreshing org.springframework.context.support.ClassPathXmlApplicationContext@759ebb3d: startup date [Sat Mar 31 13:19:06 CEST 2018]; root of context hierarchy
2018-03-31 13:19:07 INFO  XmlBeanDefinitionReader:317 - Loading XML bean definitions from class path resource [spring-config.xml]
2018-03-31 13:19:07 INFO  ClassPathXmlApplicationContext:984 - Closing org.springframework.context.support.ClassPathXmlApplicationContext@759ebb3d: startup date [Sat Mar 31 13:19:06 CEST 2018]; root of context hierarchy
